2020-06-21 03:00:57 Error: [MissingControllerException] Controller class MeseroController could not be found.
Exception Attributes: array (
  'class' => 'MeseroController',
  'plugin' => NULL,
)
Request URL: /restaurante/mesero
Stack Trace:
#0 C:\xampp\htdocs\restaurante\app\webroot\index.php(117): Dispatcher->dispatch(Object(CakeRequest), Object(CakeResponse))
#1 {main}
2020-06-21 03:01:01 Error: [MissingViewException] View file "Meseros\index.ctp" is missing.
Exception Attributes: array (
  'file' => 'Meseros\\index.ctp',
)
Request URL: /restaurante/meseros
Stack Trace:
#0 C:\xampp\htdocs\restaurante\app\Vendor\cakephp\cakephp\lib\Cake\View\View.php(470): View->_getViewFileName('Meseros\\index')
#1 C:\xampp\htdocs\restaurante\app\Vendor\cakephp\cakephp\lib\Cake\Controller\Controller.php(968): View->render(NULL, NULL)
#2 C:\xampp\htdocs\restaurante\app\Vendor\cakephp\cakephp\lib\Cake\Routing\Dispatcher.php(200): Controller->render()
#3 C:\xampp\htdocs\restaurante\app\Vendor\cakephp\cakephp\lib\Cake\Routing\Dispatcher.php(167): Dispatcher->_invoke(Object(MeserosController), Object(CakeRequest))
#4 C:\xampp\htdocs\restaurante\app\webroot\index.php(117): Dispatcher->dispatch(Object(CakeRequest), Object(CakeResponse))
#5 {main}
2020-06-21 17:33:48 Error: [PDOException] SQLSTATE[42000]: Syntax error or access violation: 1064 You have an error in your SQL syntax; check the manual that corresponds to your MariaDB server version for the right syntax to use near 'findAll' at line 1
Request URL: /restaurante/meseros
Stack Trace:
#0 C:\xampp\htdocs\restaurante\app\Vendor\cakephp\cakephp\lib\Cake\Model\Datasource\DboSource.php(502): PDOStatement->execute(Array)
#1 C:\xampp\htdocs\restaurante\app\Vendor\cakephp\cakephp\lib\Cake\Model\Datasource\DboSource.php(468): DboSource->_execute('findAll', Array)
#2 C:\xampp\htdocs\restaurante\app\Vendor\cakephp\cakephp\lib\Cake\Model\Datasource\DboSource.php(715): DboSource->execute('findAll', Array, Array)
#3 C:\xampp\htdocs\restaurante\app\Vendor\cakephp\cakephp\lib\Cake\Model\Datasource\DboSource.php(648): DboSource->fetchAll('findAll', Array, Array)
#4 C:\xampp\htdocs\restaurante\app\Vendor\cakephp\cakephp\lib\Cake\Model\Model.php(834): DboSource->query('findAll', Array, Object(Mesero))
#5 C:\xampp\htdocs\restaurante\app\Controller\MeserosController.php(8): Model->__call('findAll', Array)
#6 [internal function]: MeserosController->index()
#7 C:\xampp\htdocs\restaurante\app\Vendor\cakephp\cakephp\lib\Cake\Controller\Controller.php(499): ReflectionMethod->invokeArgs(Object(MeserosController), Array)
#8 C:\xampp\htdocs\restaurante\app\Vendor\cakephp\cakephp\lib\Cake\Routing\Dispatcher.php(193): Controller->invokeAction(Object(CakeRequest))
#9 C:\xampp\htdocs\restaurante\app\Vendor\cakephp\cakephp\lib\Cake\Routing\Dispatcher.php(167): Dispatcher->_invoke(Object(MeserosController), Object(CakeRequest))
#10 C:\xampp\htdocs\restaurante\app\webroot\index.php(117): Dispatcher->dispatch(Object(CakeRequest), Object(CakeResponse))
#11 {main}
2020-06-21 17:35:46 Error: [PDOException] SQLSTATE[42000]: Syntax error or access violation: 1064 You have an error in your SQL syntax; check the manual that corresponds to your MariaDB server version for the right syntax to use near 'findAll' at line 1
Request URL: /restaurante/meseros
Stack Trace:
#0 C:\xampp\htdocs\restaurante\app\Vendor\cakephp\cakephp\lib\Cake\Model\Datasource\DboSource.php(502): PDOStatement->execute(Array)
#1 C:\xampp\htdocs\restaurante\app\Vendor\cakephp\cakephp\lib\Cake\Model\Datasource\DboSource.php(468): DboSource->_execute('findAll', Array)
#2 C:\xampp\htdocs\restaurante\app\Vendor\cakephp\cakephp\lib\Cake\Model\Datasource\DboSource.php(715): DboSource->execute('findAll', Array, Array)
#3 C:\xampp\htdocs\restaurante\app\Vendor\cakephp\cakephp\lib\Cake\Model\Datasource\DboSource.php(648): DboSource->fetchAll('findAll', Array, Array)
#4 C:\xampp\htdocs\restaurante\app\Vendor\cakephp\cakephp\lib\Cake\Model\Model.php(834): DboSource->query('findAll', Array, Object(Mesero))
#5 C:\xampp\htdocs\restaurante\app\Controller\MeserosController.php(8): Model->__call('findAll', Array)
#6 [internal function]: MeserosController->index()
#7 C:\xampp\htdocs\restaurante\app\Vendor\cakephp\cakephp\lib\Cake\Controller\Controller.php(499): ReflectionMethod->invokeArgs(Object(MeserosController), Array)
#8 C:\xampp\htdocs\restaurante\app\Vendor\cakephp\cakephp\lib\Cake\Routing\Dispatcher.php(193): Controller->invokeAction(Object(CakeRequest))
#9 C:\xampp\htdocs\restaurante\app\Vendor\cakephp\cakephp\lib\Cake\Routing\Dispatcher.php(167): Dispatcher->_invoke(Object(MeserosController), Object(CakeRequest))
#10 C:\xampp\htdocs\restaurante\app\webroot\index.php(117): Dispatcher->dispatch(Object(CakeRequest), Object(CakeResponse))
#11 {main}
2020-06-21 17:36:14 Error: [PDOException] SQLSTATE[42000]: Syntax error or access violation: 1064 You have an error in your SQL syntax; check the manual that corresponds to your MariaDB server version for the right syntax to use near 'fetchAll' at line 1
Request URL: /restaurante/meseros
Stack Trace:
#0 C:\xampp\htdocs\restaurante\app\Vendor\cakephp\cakephp\lib\Cake\Model\Datasource\DboSource.php(502): PDOStatement->execute(Array)
#1 C:\xampp\htdocs\restaurante\app\Vendor\cakephp\cakephp\lib\Cake\Model\Datasource\DboSource.php(468): DboSource->_execute('fetchAll', Array)
#2 C:\xampp\htdocs\restaurante\app\Vendor\cakephp\cakephp\lib\Cake\Model\Datasource\DboSource.php(715): DboSource->execute('fetchAll', Array, Array)
#3 C:\xampp\htdocs\restaurante\app\Vendor\cakephp\cakephp\lib\Cake\Model\Datasource\DboSource.php(648): DboSource->fetchAll('fetchAll', Array, Array)
#4 C:\xampp\htdocs\restaurante\app\Vendor\cakephp\cakephp\lib\Cake\Model\Model.php(834): DboSource->query('fetchAll', Array, Object(Mesero))
#5 C:\xampp\htdocs\restaurante\app\Controller\MeserosController.php(8): Model->__call('fetchAll', Array)
#6 [internal function]: MeserosController->index()
#7 C:\xampp\htdocs\restaurante\app\Vendor\cakephp\cakephp\lib\Cake\Controller\Controller.php(499): ReflectionMethod->invokeArgs(Object(MeserosController), Array)
#8 C:\xampp\htdocs\restaurante\app\Vendor\cakephp\cakephp\lib\Cake\Routing\Dispatcher.php(193): Controller->invokeAction(Object(CakeRequest))
#9 C:\xampp\htdocs\restaurante\app\Vendor\cakephp\cakephp\lib\Cake\Routing\Dispatcher.php(167): Dispatcher->_invoke(Object(MeserosController), Object(CakeRequest))
#10 C:\xampp\htdocs\restaurante\app\webroot\index.php(117): Dispatcher->dispatch(Object(CakeRequest), Object(CakeResponse))
#11 {main}
2020-06-21 17:36:40 Error: [Error] Call to undefined method Mesero::findAll()
Request URL: /restaurante/meseros
Stack Trace:
#0 [internal function]: MeserosController->index()
#1 C:\xampp\htdocs\restaurante\app\Vendor\cakephp\cakephp\lib\Cake\Controller\Controller.php(499): ReflectionMethod->invokeArgs(Object(MeserosController), Array)
#2 C:\xampp\htdocs\restaurante\app\Vendor\cakephp\cakephp\lib\Cake\Routing\Dispatcher.php(193): Controller->invokeAction(Object(CakeRequest))
#3 C:\xampp\htdocs\restaurante\app\Vendor\cakephp\cakephp\lib\Cake\Routing\Dispatcher.php(167): Dispatcher->_invoke(Object(MeserosController), Object(CakeRequest))
#4 C:\xampp\htdocs\restaurante\app\webroot\index.php(117): Dispatcher->dispatch(Object(CakeRequest), Object(CakeResponse))
#5 {main}
2020-06-21 17:37:13 Error: [PDOException] SQLSTATE[42000]: Syntax error or access violation: 1064 You have an error in your SQL syntax; check the manual that corresponds to your MariaDB server version for the right syntax to use near 'findAll' at line 1
Request URL: /restaurante/meseros
Stack Trace:
#0 C:\xampp\htdocs\restaurante\app\Vendor\cakephp\cakephp\lib\Cake\Model\Datasource\DboSource.php(502): PDOStatement->execute(Array)
#1 C:\xampp\htdocs\restaurante\app\Vendor\cakephp\cakephp\lib\Cake\Model\Datasource\DboSource.php(468): DboSource->_execute('findAll', Array)
#2 C:\xampp\htdocs\restaurante\app\Vendor\cakephp\cakephp\lib\Cake\Model\Datasource\DboSource.php(715): DboSource->execute('findAll', Array, Array)
#3 C:\xampp\htdocs\restaurante\app\Vendor\cakephp\cakephp\lib\Cake\Model\Datasource\DboSource.php(648): DboSource->fetchAll('findAll', Array, Array)
#4 C:\xampp\htdocs\restaurante\app\Vendor\cakephp\cakephp\lib\Cake\Model\Model.php(834): DboSource->query('findAll', Array, Object(Mesero))
#5 C:\xampp\htdocs\restaurante\app\Controller\MeserosController.php(8): Model->__call('findAll', Array)
#6 [internal function]: MeserosController->index()
#7 C:\xampp\htdocs\restaurante\app\Vendor\cakephp\cakephp\lib\Cake\Controller\Controller.php(499): ReflectionMethod->invokeArgs(Object(MeserosController), Array)
#8 C:\xampp\htdocs\restaurante\app\Vendor\cakephp\cakephp\lib\Cake\Routing\Dispatcher.php(193): Controller->invokeAction(Object(CakeRequest))
#9 C:\xampp\htdocs\restaurante\app\Vendor\cakephp\cakephp\lib\Cake\Routing\Dispatcher.php(167): Dispatcher->_invoke(Object(MeserosController), Object(CakeRequest))
#10 C:\xampp\htdocs\restaurante\app\webroot\index.php(117): Dispatcher->dispatch(Object(CakeRequest), Object(CakeResponse))
#11 {main}
2020-06-21 17:45:12 Error: [MissingControllerException] Controller class MeseroController could not be found.
Exception Attributes: array (
  'class' => 'MeseroController',
  'plugin' => NULL,
)
Request URL: /restaurante/mesero/ver
Stack Trace:
#0 C:\xampp\htdocs\restaurante\app\webroot\index.php(117): Dispatcher->dispatch(Object(CakeRequest), Object(CakeResponse))
#1 {main}
2020-06-21 17:45:55 Error: [MissingControllerException] Controller class MeseroController could not be found.
Exception Attributes: array (
  'class' => 'MeseroController',
  'plugin' => NULL,
)
Request URL: /restaurante/mesero/ver
Stack Trace:
#0 C:\xampp\htdocs\restaurante\app\webroot\index.php(117): Dispatcher->dispatch(Object(CakeRequest), Object(CakeResponse))
#1 {main}
2020-06-21 17:46:51 Error: [MissingControllerException] Controller class MeseroController could not be found.
Exception Attributes: array (
  'class' => 'MeseroController',
  'plugin' => NULL,
)
Request URL: /restaurante/mesero/ver
Stack Trace:
#0 C:\xampp\htdocs\restaurante\app\webroot\index.php(117): Dispatcher->dispatch(Object(CakeRequest), Object(CakeResponse))
#1 {main}
2020-06-21 17:47:22 Error: [MissingActionException] Action MeserosController::ver() could not be found.
Exception Attributes: array (
  'controller' => 'MeserosController',
  'action' => 'ver',
)
Request URL: /restaurante/meseros/ver
Stack Trace:
#0 C:\xampp\htdocs\restaurante\app\Vendor\cakephp\cakephp\lib\Cake\Routing\Dispatcher.php(193): Controller->invokeAction(Object(CakeRequest))
#1 C:\xampp\htdocs\restaurante\app\Vendor\cakephp\cakephp\lib\Cake\Routing\Dispatcher.php(167): Dispatcher->_invoke(Object(MeserosController), Object(CakeRequest))
#2 C:\xampp\htdocs\restaurante\app\webroot\index.php(117): Dispatcher->dispatch(Object(CakeRequest), Object(CakeResponse))
#3 {main}
2020-06-21 18:27:09 Error: [MissingActionException] Action MeserosController::ver() could not be found.
Exception Attributes: array (
  'controller' => 'MeserosController',
  'action' => 'ver',
)
Request URL: /restaurante/meseros/ver
Stack Trace:
#0 C:\xampp\htdocs\restaurante\app\Vendor\cakephp\cakephp\lib\Cake\Routing\Dispatcher.php(193): Controller->invokeAction(Object(CakeRequest))
#1 C:\xampp\htdocs\restaurante\app\Vendor\cakephp\cakephp\lib\Cake\Routing\Dispatcher.php(167): Dispatcher->_invoke(Object(MeserosController), Object(CakeRequest))
#2 C:\xampp\htdocs\restaurante\app\webroot\index.php(117): Dispatcher->dispatch(Object(CakeRequest), Object(CakeResponse))
#3 {main}
